Mplus VERSION 8.11
MUTHEN & MUTHEN
01/20/2025  11:30 PM

INPUT INSTRUCTIONS

  TITLE:
  5-Class
  DATA:
  FILE = "C:/Users/dnajiarch/Box/IES_IMMERSE/youtube_materials/po_LCA/poLCA/
  election.dat";
  VARIABLE:
  NAMES = moralb caresb knowb leadb dishonb moralb1 caresb1 knowb1 leadb1 dishonb1;
   MISSING=.;
   categorical = moralb1-dishonb1;
  usevar = moralb1-dishonb1;
  classes = c(5);
  ANALYSIS:
  estimator = mlr;
      type = mixture;
      starts = 500 100;
      processors = 10;
  OUTPUT:
  sampstat residual tech11 tech14 svalues;



*** WARNING in OUTPUT command
  SAMPSTAT option is not available when all outcomes are censored, ordered
  categorical, unordered categorical (nominal), count or continuous-time
  survival variables.  Request for SAMPSTAT is ignored.
*** WARNING
  Data set contains cases with missing on all variables.
  These cases were not included in the analysis.
  Number of cases with missing on all variables:  20
   2 WARNING(S) FOUND IN THE INPUT INSTRUCTIONS




5-Class

SUMMARY OF ANALYSIS

Number of groups                                                 1
Number of observations                                        1765

Number of dependent variables                                    5
Number of independent variables                                  0
Number of continuous latent variables                            0
Number of categorical latent variables                           1

Observed dependent variables

  Binary and ordered categorical (ordinal)
   MORALB1     CARESB1     KNOWB1      LEADB1      DISHONB1

Categorical latent variables
   C


Estimator                                                      MLR
Information matrix                                        OBSERVED
Optimization Specifications for the Quasi-Newton Algorithm for
Continuous Outcomes
  Maximum number of iterations                                 100
  Convergence criterion                                  0.100D-05
Optimization Specifications for the EM Algorithm
  Maximum number of iterations                                 500
  Convergence criteria
    Loglikelihood change                                 0.100D-06
    Relative loglikelihood change                        0.100D-06
    Derivative                                           0.100D-05
Optimization Specifications for the M step of the EM Algorithm for
Categorical Latent variables
  Number of M step iterations                                    1
  M step convergence criterion                           0.100D-05
  Basis for M step termination                           ITERATION
Optimization Specifications for the M step of the EM Algorithm for
Censored, Binary or Ordered Categorical (Ordinal), Unordered
Categorical (Nominal) and Count Outcomes
  Number of M step iterations                                    1
  M step convergence criterion                           0.100D-05
  Basis for M step termination                           ITERATION
  Maximum value for logit thresholds                            15
  Minimum value for logit thresholds                           -15
  Minimum expected cell size for chi-square              0.100D-01
Maximum number of iterations for H1                           2000
Convergence criterion for H1                             0.100D-03
Optimization algorithm                                         EMA
Random Starts Specifications
  Number of initial stage random starts                        500
  Number of final stage optimizations                          100
  Number of initial stage iterations                            10
  Initial stage convergence criterion                    0.100D+01
  Random starts scale                                    0.500D+01
  Random seed for generating random starts                       0
Link                                                         LOGIT

Input data file(s)
  C:/Users/dnajiarch/Box/IES_IMMERSE/youtube_materials/po_LCA/poLCA/election.dat
Input data format  FREE


SUMMARY OF DATA

     Number of missing data patterns            31
     Number of y missing data patterns           0
     Number of u missing data patterns          31


COVARIANCE COVERAGE OF DATA

Minimum covariance coverage value   0.100


     PROPORTION OF DATA PRESENT FOR U


           Covariance Coverage
              MORALB1       CARESB1       KNOWB1        LEADB1        DISHONB1
              ________      ________      ________      ________      ________
 MORALB1        0.912
 CARESB1        0.884         0.954
 KNOWB1         0.896         0.938         0.974
 LEADB1         0.881         0.920         0.935         0.952
 DISHONB1       0.850         0.873         0.884         0.871         0.898


UNIVARIATE PROPORTIONS AND COUNTS FOR CATEGORICAL VARIABLES

    MORALB1
      Category 1    0.211          340.000
      Category 2    0.523          841.000
      Category 3    0.205          330.000
      Category 4    0.061           98.000
    CARESB1
      Category 1    0.092          155.000
      Category 2    0.371          625.000
      Category 3    0.334          562.000
      Category 4    0.203          342.000
    KNOWB1
      Category 1    0.159          274.000
      Category 2    0.543          933.000
      Category 3    0.220          379.000
      Category 4    0.077          133.000
    LEADB1
      Category 1    0.158          266.000
      Category 2    0.501          842.000
      Category 3    0.242          407.000
      Category 4    0.099          166.000
    DISHONB1
      Category 1    0.044           70.000
      Category 2    0.182          288.000
      Category 3    0.412          653.000
      Category 4    0.362          574.000


RANDOM STARTS RESULTS RANKED FROM THE BEST TO THE WORST LOGLIKELIHOOD VALUES

Final stage loglikelihood values at local maxima, seeds, and initial stage start numbers:

           -8496.748  782200           84
           -8496.748  399848           220
           -8496.748  824126           287
           -8496.748  468036           131
           -8496.748  168762           200
           -8496.748  575700           100
           -8496.748  526324           178
           -8496.748  509733           130
           -8496.748  960438           116
           -8496.748  754100           56
           -8496.748  997222           229
           -8496.748  414284           158
           -8496.748  544048           87
           -8496.748  407108           366
           -8496.748  22362            365
           -8496.748  695155           150
           -8496.748  170954           86
           -8496.748  922042           492
           -8496.748  89970            223
           -8496.748  57226            208
           -8496.748  359578           458
           -8496.748  377504           294
           -8496.748  395754           388
           -8496.748  321390           133
           -8496.748  783110           72
           -8496.748  821011           161
           -8498.683  36714            201
           -8498.683  813779           92

Unperturbed starting value run did not converge or was rejected in the third stage.

71 perturbed starting value run(s) did not converge or were rejected in the third stage.



THE BEST LOGLIKELIHOOD VALUE HAS BEEN REPLICATED.  RERUN WITH AT LEAST TWICE THE
RANDOM STARTS TO CHECK THAT THE BEST LOGLIKELIHOOD IS STILL OBTAINED AND REPLICATED.

     IN THE OPTIMIZATION, ONE OR MORE LOGIT THRESHOLDS APPROACHED EXTREME VALUES
     OF -15.000 AND 15.000 AND WERE FIXED TO STABILIZE MODEL ESTIMATION.  THESE
     VALUES IMPLY PROBABILITIES OF 0 AND 1.  IN THE MODEL RESULTS SECTION, THESE
     PARAMETERS HAVE 0 STANDARD ERRORS AND 999 IN THE Z-SCORE AND P-VALUE COLUMNS.




THE MODEL ESTIMATION TERMINATED NORMALLY



MODEL FIT INFORMATION

Number of Free Parameters                       79

Loglikelihood

          H0 Value                       -8496.748
          H0 Scaling Correction Factor      1.1364
            for MLR

Information Criteria

          Akaike (AIC)                   17151.496
          Bayesian (BIC)                 17584.092
          Sample-Size Adjusted BIC       17333.116
            (n* = (n + 2) / 24)

Chi-Square Test of Model Fit for the Binary and Ordered Categorical
(Ordinal) Outcomes**

          Pearson Chi-Square

          Value                           1473.767
          Degrees of Freedom                   940
          P-Value                           0.0000

          Likelihood Ratio Chi-Square

          Value                            731.971
          Degrees of Freedom                   940
          P-Value                           1.0000

** Of the 3124 cells in the latent class indicator table, 4
   were deleted in the calculation of chi-square due to extreme values.

Chi-Square Test for MCAR under the Unrestricted Latent Class Indicator Model

          Pearson Chi-Square

          Value                           1486.874
          Degrees of Freedom                  2070
          P-Value                           1.0000

          Likelihood Ratio Chi-Square

          Value                            714.402
          Degrees of Freedom                  2070
          P-Value                           1.0000



FINAL CLASS COUNTS AND PROPORTIONS FOR THE LATENT CLASSES
BASED ON THE ESTIMATED MODEL

    Latent
   Classes

       1        366.37549          0.20758
       2        196.59636          0.11139
       3        240.50211          0.13626
       4        579.83109          0.32852
       5        381.69495          0.21626


FINAL CLASS COUNTS AND PROPORTIONS FOR THE LATENT CLASSES
BASED ON ESTIMATED POSTERIOR PROBABILITIES

    Latent
   Classes

       1        366.37549          0.20758
       2        196.59636          0.11139
       3        240.50211          0.13626
       4        579.83109          0.32852
       5        381.69495          0.21626


FINAL CLASS COUNTS AND PROPORTIONS FOR THE LATENT CLASSES
BASED ON THEIR MOST LIKELY LATENT CLASS MEMBERSHIP

Class Counts and Proportions

    Latent
   Classes

       1              348          0.19717
       2              181          0.10255
       3              234          0.13258
       4              604          0.34221
       5              398          0.22550


CLASSIFICATION QUALITY

     Entropy                         0.696


Average Latent Class Probabilities for Most Likely Latent Class Membership (Row)
by Latent Class (Column)

           1        2        3        4        5

    1   0.725    0.024    0.010    0.125    0.116
    2   0.016    0.882    0.007    0.007    0.089
    3   0.009    0.004    0.874    0.113    0.001
    4   0.098    0.003    0.051    0.820    0.027
    5   0.125    0.064    0.001    0.033    0.776


Classification Probabilities for the Most Likely Latent Class Membership (Column)
by Latent Class (Row)

           1        2        3        4        5

    1   0.688    0.008    0.006    0.162    0.136
    2   0.043    0.812    0.005    0.010    0.130
    3   0.014    0.005    0.850    0.128    0.002
    4   0.075    0.002    0.045    0.854    0.023
    5   0.106    0.042    0.001    0.043    0.809


Logits for the Classification Probabilities for the Most Likely Latent Class Membership (Column)
by Latent Class (Row)

              1        2        3        4        5

    1      1.621   -2.857   -3.152    0.175    0.000
    2     -1.102    1.830   -3.353   -2.546    0.000
    3      1.833    0.792    5.910    4.017    0.000
    4      1.187   -2.363    0.683    3.618    0.000
    5     -2.035   -2.956   -7.348   -2.934    0.000


MODEL RESULTS

                                                    Two-Tailed
                    Estimate       S.E.  Est./S.E.    P-Value

Latent Class 1

 Thresholds
    MORALB1$1         -3.650      2.888     -1.264      0.206
    MORALB1$2          0.721      0.301      2.396      0.017
    MORALB1$3          3.693      0.618      5.978      0.000
    CARESB1$1        -15.000      0.000    999.000    999.000
    CARESB1$2         -1.883      0.831     -2.267      0.023
    CARESB1$3          1.586      0.395      4.011      0.000
    KNOWB1$1          -2.344      0.417     -5.625      0.000
    KNOWB1$2           2.418      2.623      0.922      0.357
    KNOWB1$3          15.000      0.000    999.000    999.000
    LEADB1$1          -2.686      0.456     -5.891      0.000
    LEADB1$2           1.204      0.433      2.780      0.005
    LEADB1$3          15.000      0.000    999.000    999.000
    DISHONB1$1        -3.628      1.243     -2.918      0.004
    DISHONB1$2        -0.889      0.276     -3.224      0.001
    DISHONB1$3         2.108      0.551      3.826      0.000

Latent Class 2

 Thresholds
    MORALB1$1         -2.133      0.311     -6.862      0.000
    MORALB1$2         -1.157      0.237     -4.878      0.000
    MORALB1$3          0.142      0.265      0.537      0.591
    CARESB1$1         -3.797      0.586     -6.475      0.000
    CARESB1$2         -3.306      0.572     -5.774      0.000
    CARESB1$3         -1.673      0.314     -5.323      0.000
    KNOWB1$1          -2.321      0.316     -7.339      0.000
    KNOWB1$2          -0.827      0.251     -3.299      0.001
    KNOWB1$3           0.027      0.235      0.113      0.910
    LEADB1$1          -3.441      0.542     -6.353      0.000
    LEADB1$2          -2.042      0.473     -4.317      0.000
    LEADB1$3          -0.672      0.264     -2.545      0.011
    DISHONB1$1        -0.963      0.255     -3.779      0.000
    DISHONB1$2         0.492      0.252      1.954      0.051
    DISHONB1$3         1.347      0.234      5.763      0.000

Latent Class 3

 Thresholds
    MORALB1$1          1.327      0.302      4.396      0.000
    MORALB1$2          3.601      0.600      5.998      0.000
    MORALB1$3          5.417      1.019      5.313      0.000
    CARESB1$1          0.197      0.233      0.845      0.398
    CARESB1$2          2.355      0.459      5.133      0.000
    CARESB1$3          4.453      1.072      4.153      0.000
    KNOWB1$1           0.664      0.266      2.495      0.013
    KNOWB1$2           4.253      0.952      4.467      0.000
    KNOWB1$3          15.000      0.000    999.000    999.000
    LEADB1$1           1.241      0.314      3.954      0.000
    LEADB1$2           3.798      0.897      4.236      0.000
    LEADB1$3           6.644      5.229      1.271      0.204
    DISHONB1$1        -3.388      0.476     -7.118      0.000
    DISHONB1$2        -2.456      0.388     -6.326      0.000
    DISHONB1$3        -1.208      0.254     -4.762      0.000

Latent Class 4

 Thresholds
    MORALB1$1         -1.352      0.224     -6.025      0.000
    MORALB1$2          3.512      0.650      5.404      0.000
    MORALB1$3         15.000      0.000    999.000    999.000
    CARESB1$1         -3.200      0.495     -6.462      0.000
    CARESB1$2          1.750      0.536      3.264      0.001
    CARESB1$3          3.873      0.728      5.318      0.000
    KNOWB1$1          -1.989      0.238     -8.360      0.000
    KNOWB1$2           2.109      0.199     10.606      0.000
    KNOWB1$3           5.143      0.873      5.893      0.000
    LEADB1$1          -2.207      0.356     -6.193      0.000
    LEADB1$2           2.869      0.396      7.248      0.000
    LEADB1$3           4.100      0.522      7.852      0.000
    DISHONB1$1        -5.400      1.937     -2.787      0.005
    DISHONB1$2        -2.248      0.236     -9.538      0.000
    DISHONB1$3        -0.075      0.197     -0.378      0.705

Latent Class 5

 Thresholds
    MORALB1$1         -2.900      0.574     -5.051      0.000
    MORALB1$2         -0.007      0.259     -0.026      0.979
    MORALB1$3          3.724      0.673      5.533      0.000
    CARESB1$1         -5.413      1.077     -5.026      0.000
    CARESB1$2         -1.912      0.276     -6.936      0.000
    CARESB1$3          0.858      0.311      2.755      0.006
    KNOWB1$1         -15.000      0.000    999.000    999.000
    KNOWB1$2          -1.237      0.530     -2.332      0.020
    KNOWB1$3           2.234      0.540      4.136      0.000
    LEADB1$1          -5.655      4.136     -1.367      0.172
    LEADB1$2          -1.497      1.101     -1.359      0.174
    LEADB1$3           2.266      0.676      3.352      0.001
    DISHONB1$1        -3.918      0.982     -3.992      0.000
    DISHONB1$2        -0.956      0.184     -5.201      0.000
    DISHONB1$3         1.679      0.242      6.952      0.000

Categorical Latent Variables

 Means
    C#1               -0.041      0.747     -0.055      0.956
    C#2               -0.663      0.306     -2.169      0.030
    C#3               -0.462      0.322     -1.434      0.152
    C#4                0.418      0.276      1.513      0.130


QUALITY OF NUMERICAL RESULTS

     Condition Number for the Information Matrix              0.133E-03
       (ratio of smallest to largest eigenvalue)


RESULTS IN PROBABILITY SCALE

                                                    Two-Tailed
                    Estimate       S.E.  Est./S.E.    P-Value

Latent Class 1

 MORALB1
    Category 1         0.025      0.071      0.355      0.722
    Category 2         0.647      0.083      7.809      0.000
    Category 3         0.303      0.061      4.958      0.000
    Category 4         0.024      0.015      1.659      0.097
 CARESB1
    Category 1         0.000      0.000      0.000      1.000
    Category 2         0.132      0.095      1.387      0.166
    Category 3         0.698      0.066     10.622      0.000
    Category 4         0.170      0.056      3.047      0.002
 KNOWB1
    Category 1         0.088      0.033      2.630      0.009
    Category 2         0.831      0.191      4.342      0.000
    Category 3         0.082      0.197      0.415      0.678
    Category 4         0.000      0.000      0.000      1.000
 LEADB1
    Category 1         0.064      0.027      2.342      0.019
    Category 2         0.705      0.064     10.991      0.000
    Category 3         0.231      0.077      3.003      0.003
    Category 4         0.000      0.000      0.000      1.000
 DISHONB1
    Category 1         0.026      0.031      0.826      0.409
    Category 2         0.265      0.055      4.837      0.000
    Category 3         0.600      0.061      9.767      0.000
    Category 4         0.108      0.053      2.035      0.042

Latent Class 2

 MORALB1
    Category 1         0.106      0.029      3.598      0.000
    Category 2         0.133      0.039      3.410      0.001
    Category 3         0.296      0.060      4.922      0.000
    Category 4         0.465      0.066      7.055      0.000
 CARESB1
    Category 1         0.022      0.013      1.744      0.081
    Category 2         0.013      0.016      0.858      0.391
    Category 3         0.123      0.036      3.433      0.001
    Category 4         0.842      0.042     20.134      0.000
 KNOWB1
    Category 1         0.089      0.026      3.473      0.001
    Category 2         0.215      0.051      4.206      0.000
    Category 3         0.202      0.046      4.419      0.000
    Category 4         0.493      0.059      8.398      0.000
 LEADB1
    Category 1         0.031      0.016      1.906      0.057
    Category 2         0.084      0.045      1.866      0.062
    Category 3         0.223      0.043      5.214      0.000
    Category 4         0.662      0.059     11.208      0.000
 DISHONB1
    Category 1         0.276      0.051      5.421      0.000
    Category 2         0.344      0.045      7.699      0.000
    Category 3         0.173      0.061      2.859      0.004
    Category 4         0.206      0.038      5.389      0.000

Latent Class 3

 MORALB1
    Category 1         0.790      0.050     15.800      0.000
    Category 2         0.183      0.049      3.739      0.000
    Category 3         0.022      0.015      1.483      0.138
    Category 4         0.004      0.004      0.985      0.324
 CARESB1
    Category 1         0.549      0.058      9.523      0.000
    Category 2         0.364      0.055      6.602      0.000
    Category 3         0.075      0.032      2.326      0.020
    Category 4         0.012      0.012      0.944      0.345
 KNOWB1
    Category 1         0.660      0.060     11.061      0.000
    Category 2         0.326      0.057      5.709      0.000
    Category 3         0.014      0.013      1.065      0.287
    Category 4         0.000      0.000      0.000      1.000
 LEADB1
    Category 1         0.776      0.055     14.207      0.000
    Category 2         0.202      0.050      4.074      0.000
    Category 3         0.021      0.018      1.163      0.245
    Category 4         0.001      0.007      0.191      0.848
 DISHONB1
    Category 1         0.033      0.015      2.172      0.030
    Category 2         0.046      0.025      1.849      0.064
    Category 3         0.151      0.032      4.674      0.000
    Category 4         0.770      0.045     17.134      0.000

Latent Class 4

 MORALB1
    Category 1         0.205      0.037      5.608      0.000
    Category 2         0.766      0.033     23.066      0.000
    Category 3         0.029      0.018      1.585      0.113
    Category 4         0.000      0.000      0.000      1.000
 CARESB1
    Category 1         0.039      0.019      2.102      0.036
    Category 2         0.813      0.062     13.094      0.000
    Category 3         0.128      0.063      2.020      0.043
    Category 4         0.020      0.015      1.402      0.161
 KNOWB1
    Category 1         0.120      0.025      4.777      0.000
    Category 2         0.771      0.028     28.051      0.000
    Category 3         0.102      0.019      5.488      0.000
    Category 4         0.006      0.005      1.153      0.249
 LEADB1
    Category 1         0.099      0.032      3.114      0.002
    Category 2         0.847      0.034     24.898      0.000
    Category 3         0.037      0.018      2.050      0.040
    Category 4         0.016      0.008      1.947      0.052
 DISHONB1
    Category 1         0.004      0.009      0.519      0.604
    Category 2         0.091      0.018      5.060      0.000
    Category 3         0.386      0.045      8.657      0.000
    Category 4         0.519      0.049     10.537      0.000

Latent Class 5

 MORALB1
    Category 1         0.052      0.028      1.838      0.066
    Category 2         0.446      0.052      8.594      0.000
    Category 3         0.478      0.064      7.528      0.000
    Category 4         0.024      0.015      1.522      0.128
 CARESB1
    Category 1         0.004      0.005      0.933      0.351
    Category 2         0.124      0.031      3.958      0.000
    Category 3         0.574      0.056     10.303      0.000
    Category 4         0.298      0.065      4.572      0.000
 KNOWB1
    Category 1         0.000      0.000      0.000      1.000
    Category 2         0.225      0.092      2.433      0.015
    Category 3         0.678      0.084      8.046      0.000
    Category 4         0.097      0.047      2.050      0.040
 LEADB1
    Category 1         0.003      0.014      0.243      0.808
    Category 2         0.179      0.153      1.177      0.239
    Category 3         0.723      0.122      5.945      0.000
    Category 4         0.094      0.058      1.632      0.103
 DISHONB1
    Category 1         0.019      0.019      1.039      0.299
    Category 2         0.258      0.033      7.729      0.000
    Category 3         0.565      0.038     15.041      0.000
    Category 4         0.157      0.032      4.912      0.000


LATENT CLASS INDICATOR ODDS RATIOS FOR THE LATENT CLASSES

                                                95% C.I.
                    Estimate       S.E.  Lower 2.5% Upper 2.5%

Latent Class 1 Compared to Latent Class 2

 MORALB1
    Category > 1       4.558     13.017      0.017   1229.476
    Category > 2       0.153      0.059      0.072      0.326
    Category > 3       0.029      0.019      0.008      0.102
 CARESB1
    Category > 1   73379.977      0.000  73379.969  73379.969
    Category > 2       0.241      0.234      0.036      1.614
    Category > 3       0.038      0.019      0.015      0.101
 KNOWB1
    Category > 1       1.023      0.559      0.351      2.983
    Category > 2       0.039      0.102      0.000      6.562
    Category > 3       0.000      0.000      0.000      0.000
 LEADB1
    Category > 1       0.470      0.342      0.113      1.955
    Category > 2       0.039      0.026      0.010      0.146
    Category > 3       0.000      0.000      0.000      0.000
 DISHONB1
    Category > 1      14.360     17.165      1.379    149.502
    Category > 2       3.980      1.463      1.936      8.181
    Category > 3       0.467      0.272      0.149      1.463

Latent Class 1 Compared to Latent Class 3

 MORALB1
    Category > 1     145.037    419.615      0.500  42089.859
    Category > 2      17.810     12.110      4.698     67.520
    Category > 3       5.602      6.749      0.528     59.395
 CARESB1
    Category > 1   *********      0.000  *********  *********
    Category > 2      69.269     65.724     10.787    444.829
    Category > 3      17.580     19.329      2.038    151.672
 KNOWB1
    Category > 1      20.235     10.387      7.399     55.340
    Category > 2       6.266     16.967      0.031   1264.271
    Category > 3       1.000      0.000      1.000      1.000
 LEADB1
    Category > 1      50.748     28.537     16.856    152.788
    Category > 2      13.394     13.518      1.853     96.825
    Category > 3       0.000      0.000      0.000      0.000
 DISHONB1
    Category > 1       1.271      1.801      0.079     20.458
    Category > 2       0.209      0.098      0.083      0.523
    Category > 3       0.036      0.021      0.012      0.112

Latent Class 1 Compared to Latent Class 4

 MORALB1
    Category > 1       9.949     29.231      0.031   3152.582
    Category > 2      16.295     10.510      4.603     57.684
    Category > 3   81356.867      0.000  81356.875  81356.875
 CARESB1
    Category > 1   *********      0.000  *********  *********
    Category > 2      37.816     32.357      7.068    202.314
    Category > 3       9.849      9.225      1.571     61.760
 KNOWB1
    Category > 1       1.425      0.766      0.497      4.089
    Category > 2       0.735      1.941      0.004    130.430
    Category > 3       0.000      0.000      0.000      0.000
 LEADB1
    Category > 1       1.614      1.065      0.443      5.883
    Category > 2       5.287      2.965      1.761     15.871
    Category > 3       0.000      0.000      0.000      0.000
 DISHONB1
    Category > 1       0.170      0.506      0.000     58.424
    Category > 2       0.257      0.096      0.124      0.533
    Category > 3       0.113      0.064      0.037      0.342

Latent Class 1 Compared to Latent Class 5

 MORALB1
    Category > 1       2.117      7.118      0.003   1540.671
    Category > 2       0.483      0.218      0.199      1.171
    Category > 3       1.031      0.997      0.155      6.867
 CARESB1
    Category > 1   14574.330      0.000  14574.330  14574.330
    Category > 2       0.971      0.937      0.147      6.433
    Category > 3       0.483      0.273      0.160      1.460
 KNOWB1
    Category > 1       0.000      0.000      0.000      0.000
    Category > 2       0.026      0.067      0.000      4.161
    Category > 3       0.000      0.000      0.000      0.000
 LEADB1
    Category > 1       0.051      0.218      0.000    211.647
    Category > 2       0.067      0.078      0.007      0.645
    Category > 3       0.000      0.000      0.000      0.000
 DISHONB1
    Category > 1       0.748      1.561      0.013     44.730
    Category > 2       0.936      0.359      0.441      1.985
    Category > 3       0.651      0.415      0.187      2.272

Latent Class 2 Compared to Latent Class 3

 MORALB1
    Category > 1      31.820     13.596     13.771     73.522
    Category > 2     116.447     75.392     32.735    414.227
    Category > 3     195.267    205.854     24.732   1541.700
 CARESB1
    Category > 1      54.230     33.346     16.249    180.987
    Category > 2     287.297    207.590     69.707   1184.103
    Category > 3     457.399    515.731     50.179   4169.356
 KNOWB1
    Category > 1      19.771      7.896      9.038     43.250
    Category > 2     160.771    155.803     24.060   1074.290
    Category > 3   *********      0.000  *********  *********
 LEADB1
    Category > 1     107.962     64.612     33.407    348.899
    Category > 2     344.032    349.336     47.017   2517.330
    Category > 3    1503.427   7844.236      0.054  *********
 DISHONB1
    Category > 1       0.088      0.049      0.030      0.262
    Category > 2       0.052      0.025      0.020      0.134
    Category > 3       0.078      0.026      0.040      0.151

Latent Class 2 Compared to Latent Class 4

 MORALB1
    Category > 1       2.183      0.844      1.023      4.657
    Category > 2     106.544     75.754     26.443    429.290
    Category > 3   *********      0.000  *********  *********
 CARESB1
    Category > 1       1.817      1.366      0.416      7.932
    Category > 2     156.842    124.464     33.111    742.943
    Category > 3     256.235    209.178     51.731   1269.201
 KNOWB1
    Category > 1       1.393      0.546      0.646      3.004
    Category > 2      18.850      6.028     10.071     35.280
    Category > 3     166.737    149.784     28.666    969.840
 LEADB1
    Category > 1       3.434      2.152      1.006     11.727
    Category > 2     135.788     76.374     45.091    408.911
    Category > 3     118.150     70.339     36.785    379.486
 DISHONB1
    Category > 1       0.012      0.024      0.000      0.614
    Category > 2       0.065      0.024      0.031      0.132
    Category > 3       0.241      0.075      0.131      0.445

Latent Class 2 Compared to Latent Class 5

 MORALB1
    Category > 1       0.464      0.332      0.114      1.887
    Category > 2       3.158      1.155      1.542      6.469
    Category > 3      35.931     25.341      9.018    143.158
 CARESB1
    Category > 1       0.199      0.257      0.016      2.509
    Category > 2       4.029      2.702      1.082     14.996
    Category > 3      12.561      4.624      6.105     25.845
 KNOWB1
    Category > 1       0.000      0.000      0.000      0.000
    Category > 2       0.664      0.441      0.181      2.438
    Category > 3       9.091      5.164      2.986     27.680
 LEADB1
    Category > 1       0.109      0.469      0.000    491.440
    Category > 2       1.726      2.164      0.148     20.148
    Category > 3      18.871     12.936      4.924     72.325
 DISHONB1
    Category > 1       0.052      0.057      0.006      0.441
    Category > 2       0.235      0.080      0.121      0.457
    Category > 3       1.394      0.499      0.691      2.810

Latent Class 3 Compared to Latent Class 4

 MORALB1
    Category > 1       0.069      0.021      0.037      0.126
    Category > 2       0.915      0.872      0.141      5.931
    Category > 3   14522.315      0.000  14522.314  14522.314
 CARESB1
    Category > 1       0.033      0.015      0.014      0.081
    Category > 2       0.546      0.367      0.146      2.042
    Category > 3       0.560      0.793      0.035      8.970
 KNOWB1
    Category > 1       0.070      0.020      0.040      0.125
    Category > 2       0.117      0.117      0.017      0.825
    Category > 3       0.000      0.000      0.000      0.000
 LEADB1
    Category > 1       0.032      0.012      0.016      0.065
    Category > 2       0.395      0.437      0.045      3.455
    Category > 3       0.079      0.430      0.000   3538.240
 DISHONB1
    Category > 1       0.134      0.267      0.003      6.699
    Category > 2       1.231      0.612      0.464      3.264
    Category > 3       3.106      0.991      1.662      5.804

Latent Class 3 Compared to Latent Class 5

 MORALB1
    Category > 1       0.015      0.010      0.004      0.052
    Category > 2       0.027      0.018      0.007      0.101
    Category > 3       0.184      0.225      0.017      2.013
 CARESB1
    Category > 1       0.004      0.004      0.000      0.031
    Category > 2       0.014      0.008      0.005      0.043
    Category > 3       0.027      0.032      0.003      0.272
 KNOWB1
    Category > 1       0.000      0.000      0.000      0.000
    Category > 2       0.004      0.005      0.000      0.036
    Category > 3       0.000      0.000      0.000      0.000
 LEADB1
    Category > 1       0.001      0.004      0.000      3.646
    Category > 2       0.005      0.007      0.000      0.082
    Category > 3       0.013      0.065      0.000    330.324
 DISHONB1
    Category > 1       0.589      0.604      0.079      4.392
    Category > 2       4.482      1.874      1.975     10.172
    Category > 3      17.942      6.061      9.253     34.789

Latent Class 4 Compared to Latent Class 5

 MORALB1
    Category > 1       0.213      0.124      0.068      0.666
    Category > 2       0.030      0.021      0.007      0.118
    Category > 3       0.000      0.000      0.000      0.000
 CARESB1
    Category > 1       0.109      0.129      0.011      1.109
    Category > 2       0.026      0.016      0.007      0.089
    Category > 3       0.049      0.039      0.010      0.237
 KNOWB1
    Category > 1       0.000      0.000      0.000      0.000
    Category > 2       0.035      0.019      0.012      0.104
    Category > 3       0.055      0.047      0.010      0.300
 LEADB1
    Category > 1       0.032      0.132      0.000    106.191
    Category > 2       0.013      0.016      0.001      0.141
    Category > 3       0.160      0.141      0.028      0.900
 DISHONB1
    Category > 1       4.400      6.773      0.215     89.879
    Category > 2       3.642      1.034      2.087      6.354
    Category > 3       5.776      1.514      3.456      9.656


MODEL COMMAND WITH FINAL ESTIMATES USED AS STARTING VALUES

     %OVERALL%

     [ c#1*-0.04096 ];
     [ c#2*-0.66347 ];
     [ c#3*-0.46189 ];
     [ c#4*0.41812 ];

     %C#1%

     [ moralb1$1*-3.64984 ];
     [ moralb1$2*0.72089 ];
     [ moralb1$3*3.69340 ];
     [ caresb1$1*-15 ];
     [ caresb1$2*-1.88320 ];
     [ caresb1$3*1.58606 ];
     [ knowb1$1*-2.34382 ];
     [ knowb1$2*2.41780 ];
     [ knowb1$3*15 ];
     [ leadb1$1*-2.68608 ];
     [ leadb1$2*1.20352 ];
     [ leadb1$3*15 ];
     [ dishonb1$1*-3.62767 ];
     [ dishonb1$2*-0.88943 ];
     [ dishonb1$3*2.10840 ];

     %C#2%

     [ moralb1$1*-2.13294 ];
     [ moralb1$2*-1.15678 ];
     [ moralb1$3*0.14219 ];
     [ caresb1$1*-3.79659 ];
     [ caresb1$2*-3.30571 ];
     [ caresb1$3*-1.67271 ];
     [ knowb1$1*-2.32066 ];
     [ knowb1$2*-0.82704 ];
     [ knowb1$3*0.02661 ];
     [ leadb1$1*-3.44098 ];
     [ leadb1$2*-2.04239 ];
     [ leadb1$3*-0.67154 ];
     [ dishonb1$1*-0.96320 ];
     [ dishonb1$2*0.49186 ];
     [ dishonb1$3*1.34735 ];

     %C#3%

     [ moralb1$1*1.32715 ];
     [ moralb1$2*3.60066 ];
     [ moralb1$3*5.41656 ];
     [ caresb1$1*0.19664 ];
     [ caresb1$2*2.35481 ];
     [ caresb1$3*4.45285 ];
     [ knowb1$1*0.66358 ];
     [ knowb1$2*4.25294 ];
     [ knowb1$3*15 ];
     [ leadb1$1*1.24080 ];
     [ leadb1$2*3.79835 ];
     [ leadb1$3*6.64396 ];
     [ dishonb1$1*-3.38823 ];
     [ dishonb1$2*-2.45613 ];
     [ dishonb1$3*-1.20793 ];

     %C#4%

     [ moralb1$1*-1.35235 ];
     [ moralb1$2*3.51178 ];
     [ moralb1$3*15 ];
     [ caresb1$1*-3.19961 ];
     [ caresb1$2*1.74953 ];
     [ caresb1$3*3.87339 ];
     [ knowb1$1*-1.98936 ];
     [ knowb1$2*2.10945 ];
     [ knowb1$3*5.14303 ];
     [ leadb1$1*-2.20717 ];
     [ leadb1$2*2.86871 ];
     [ leadb1$3*4.10042 ];
     [ dishonb1$1*-5.39999 ];
     [ dishonb1$2*-2.24846 ];
     [ dishonb1$3*-0.07457 ];

     %C#5%

     [ moralb1$1*-2.89988 ];
     [ moralb1$2*-0.00684 ];
     [ moralb1$3*3.72379 ];
     [ caresb1$1*-5.41298 ];
     [ caresb1$2*-1.91230 ];
     [ caresb1$3*0.85791 ];
     [ knowb1$1*-15 ];
     [ knowb1$2*-1.23700 ];
     [ knowb1$3*2.23394 ];
     [ leadb1$1*-5.65507 ];
     [ leadb1$2*-1.49651 ];
     [ leadb1$3*2.26607 ];
     [ dishonb1$1*-3.91827 ];
     [ dishonb1$2*-0.95600 ];
     [ dishonb1$3*1.67921 ];



RESIDUAL OUTPUT


     RESIDUAL OUTPUT IS NOT AVAILABLE FOR THIS MODEL.  ADDITIONAL OUTPUT FOR
     CATEGORICAL, COUNT, AND NOMINAL VARIABLES MAY BE AVAILABLE USING TECH10.


TECHNICAL 11 OUTPUT

     Random Starts Specifications for the k-1 Class Analysis Model
        Number of initial stage random starts                 500
        Number of final stage optimizations                   100



     VUONG-LO-MENDELL-RUBIN LIKELIHOOD RATIO TEST FOR 4 (H0) VERSUS 5 CLASSES

          H0 Loglikelihood Value                        -8541.310
          2 Times the Loglikelihood Difference             89.123
          Difference in the Number of Parameters               16
          Mean                                             47.588
          Standard Deviation                               51.880
          P-Value                                          0.1504

     LO-MENDELL-RUBIN ADJUSTED LRT TEST

          Value                                            88.385
          P-Value                                          0.1527


TECHNICAL 14 OUTPUT

     Random Starts Specifications for the k-1 Class Analysis Model
        Number of initial stage random starts                 500
        Number of final stage optimizations                   100

     Random Starts Specification for the k-1 Class Model for Generated Data
        Number of initial stage random starts                   0
        Number of final stage optimizations for the
           initial stage random starts                          0
     Random Starts Specification for the k Class Model for Generated Data
        Number of initial stage random starts                  40
        Number of final stage optimizations                     8
     Number of bootstrap draws requested                   Varies


     PARAMETRIC BOOTSTRAPPED LIKELIHOOD RATIO TEST FOR 4 (H0) VERSUS 5 CLASSES

          H0 Loglikelihood Value                        -8541.310
          2 Times the Loglikelihood Difference             89.123
          Difference in the Number of Parameters               16
          Approximate P-Value                              0.0000
          Successful Bootstrap Draws                           10

     WARNING:  OF THE 10 BOOTSTRAP DRAWS, 7 DRAWS HAD BOTH A SMALLER LRT VALUE THAN THE
     OBSERVED LRT VALUE AND NOT A REPLICATED BEST LOGLIKELIHOOD VALUE FOR THE 5-CLASS MODEL.
     THIS MEANS THAT THE P-VALUE MAY NOT BE TRUSTWORTHY DUE TO LOCAL MAXIMA.
     INCREASE THE NUMBER OF RANDOM STARTS USING THE LRTSTARTS OPTION.



     Beginning Time:  23:30:36
        Ending Time:  23:30:53
       Elapsed Time:  00:00:17



MUTHEN & MUTHEN
3463 Stoner Ave.
Los Angeles, CA  90066

Tel: (310) 391-9971
Fax: (310) 391-8971
Web: www.StatModel.com
Support: Support@StatModel.com

Copyright (c) 1998-2024 Muthen & Muthen
